<?xml version="1.0" encoding="UTF-8"?>
<!-- Generated by org.testng.reporters.JUnitReportReporter -->
<testsuite skipped="0" hostname="LAPTOP-HSA27IPQ" name="com.Automation.BussinessScripts.FlipkartTest" tests="1" failures="0" timestamp="2024-01-02T16:24:15 IST" time="15.102" errors="0">
  <testcase name="loginTest" time="15.102" classname="com.Automation.BussinessScripts.FlipkartTest"/>
  <system-out/>
</testsuite> <!-- com.Automation.BussinessScripts.FlipkartTest -->
