<?xml version="1.0" encoding="UTF-8"?>
<!-- Generated by org.testng.reporters.JUnitReportReporter -->
<testsuite skipped="0" hostname="LAPTOP-HSA27IPQ" name="com.Automation.testNg20.Program" tests="1" failures="0" timestamp="2024-03-06T16:56:20 IST" time="0.006" errors="0">
  <testcase name="java" time="0.006" classname="com.Automation.testNg20.Program"/>
  <system-out/>
</testsuite> <!-- com.Automation.testNg20.Program -->
