<?xml version="1.0" encoding="UTF-8"?>
<!-- Generated by org.testng.reporters.JUnitReportReporter -->
<testsuite skipped="0" hostname="LAPTOP-HSA27IPQ" name="com.Automation.TestNg.BppkMyShowProg" tests="1" failures="0" timestamp="2024-03-06T15:44:33 IST" time="7.190" errors="0">
  <testcase name="CitySelection" time="7.190" classname="com.Automation.TestNg.BppkMyShowProg"/>
  <system-out/>
</testsuite> <!-- com.Automation.TestNg.BppkMyShowProg -->
