<?xml version="1.0" encoding="UTF-8"?>
<!-- Generated by org.testng.reporters.JUnitReportReporter -->
<testsuite skipped="0" hostname="LAPTOP-HSA27IPQ" name="com.Automation.testNg10.Demo2" tests="1" failures="0" timestamp="2024-03-06T16:56:20 IST" time="0.007" errors="0">
  <testcase name="hike" time="0.007" classname="com.Automation.testNg10.Demo2"/>
  <system-out/>
</testsuite> <!-- com.Automation.testNg10.Demo2 -->
