<?xml version="1.0" encoding="UTF-8"?>
<!-- Generated by org.testng.reporters.JUnitReportReporter -->
<testsuite skipped="0" hostname="LAPTOP-HSA27IPQ" name="com.Automation.testNg20.Programer" tests="1" failures="0" timestamp="2024-03-06T16:56:20 IST" time="0.003" errors="0">
  <testcase name="python" time="0.003" classname="com.Automation.testNg20.Programer"/>
  <system-out/>
</testsuite> <!-- com.Automation.testNg20.Programer -->
